<?xml version="1.0" encoding="UTF-8"?>
<!-- Generated by org.testng.reporters.JUnitXMLReporter -->
<testsuite ignored="0" hostname="DESKTOP-M1VI30U" failures="0" tests="1" name="ChromeBrowser" time="1.781" errors="0" timestamp="2024-02-04T14:53:22 IST">
  <testcase classname="hrms.testcases.BaseClass" name="@BeforeClass setup" time="0.161">
    <failure type="java.lang.NullPointerException" message="Cannot invoke &amp;quot;org.openqa.selenium.WebDriver.get(String)&amp;quot; because &amp;quot;hrms.testcases.BaseClass.driver&amp;quot; is null">
      <![CDATA[java.lang.NullPointerException: Cannot invoke "org.openqa.selenium.WebDriver.get(String)" because "hrms.testcases.BaseClass.driver" is null
at hrms.testcases.BaseClass.setup(BaseClass.java:45)
at java.base/java.util.ArrayList.forEach(ArrayList.java:1511)
... Removed 25 stack frames]]>
    </failure>
  </testcase> <!-- @BeforeClass setup -->
  <testcase classname="hrms.testcases.BaseClass" name="@AfterClass tearDown" time="0.0">
    <skipped/>
  </testcase> <!-- @AfterClass tearDown -->
  <testcase classname="hrms.testcases.MyTimesheetTest" name="my_time_sheet" time="0.002">
    <skipped/>
  </testcase> <!-- my_time_sheet -->
</testsuite> <!-- ChromeBrowser -->
